    ======  ======
    Time:2/29/2016 8:53:09 AM
    Title: Initiate log
    Message: 
    Time:2/29/2016 8:53:09 AM
    Title: LICENSER
    Message: READ REGS START
    Time:2/29/2016 8:53:09 AM
    Title: LIC EXP_KEY
    Message: NULL
    Time:2/29/2016 8:53:09 AM
    Title: LICENSER
    Message: READ REGS SUCCESS
    Time:2/29/2016 8:53:12 AM
    Title: Initiate log
    Message: 
    Time:2/29/2016 8:53:12 AM
    Title: Initiate InternalManager
    Message: Trying to Validate License
    Time:2/29/2016 8:53:12 AM
    Title: Requesting EVT
    Message: EVTP
    Time:2/29/2016 8:53:12 AM
    Title: Requesting Validation
    Message: ILMValidate
    Time:2/29/2016 8:53:12 AM
    Title: Requesting Validation
    Message: ILMValidate True
    Time:2/29/2016 8:53:12 AM
    Title: Requesting Validation
    Message: ILMValidate True NotTrial
